<?xml version="1.0" encoding="UTF-8"?>
<!-- Generated by org.testng.reporters.JUnitReportReporter -->
<testsuite hostname="Sumon" failures="0" tests="1" name="com.discover.loginTests.LoginTest" time="4.099" errors="0" timestamp="2023-11-17T20:16:04 EST" skipped="0">
  <testcase classname="com.discover.loginTests.LoginTest" name="LoginTest" time="4.099"/>
</testsuite> <!-- com.discover.loginTests.LoginTest -->
